C51 COMPILER V9.00   MAIN                                                                  09/14/2020 15:15:14 PAGE 1   


C51 COMPILER V9.00, COMPILATION OF MODULE MAIN
OBJECT MODULE PLACED IN main.OBJ
COMPILER INVOKED BY: C:\Keil\C51\BIN\C51.EXE main.c BROWSE DEBUG OBJECTEXTEND

line level    source

   1          #include "core.h"
   2          #include "task_switch.h"
   3          #include "stc8g.h"
   4          #include "uart.h"
   5          #include "stdio.h"
   6          
   7          sbit led2 = P1^2;
   8          sbit led3 = P1^3;
   9          
  10          
  11          void system_init(void)
  12          {
  13   1              Uart1Init();
  14   1      }
  15          
  16          void test(void)
  17          {
  18   1          char i = 0;
  19   1      
  20   1          os_delay(10);       
  21   1          i++;
  22   1          i++;
  23   1      }
  24          
  25          void task_0(void)
  26          {
  27   1          while(1)
  28   1          {
  29   2              led2 = 0;
  30   2              test();
  31   2              led2 = 1;
  32   2              os_delay(10);
  33   2          }
  34   1      }
  35          
  36          void task_1(void)
  37          {
  38   1          while(1)
  39   1          {
  40   2                      printf("task_1...\n");
  41   2              led3 = 0;
  42   2              os_delay(100);
  43   2              led3 = 1;
  44   2              os_delay(100);
  45   2          }
  46   1      }
  47          
  48          int main(void)
  49          {
  50   1          system_init();
  51   1          os_init();
  52   1              printf("main start ...\n");
  53   1          os_task_create(1,task_1,(unsigned char)os_tsak_stack[1]);
  54   1          os_task_create(0,task_0,(unsigned char)os_tsak_stack[0]);
  55   1          os_start();
C51 COMPILER V9.00   MAIN                                                                  09/14/2020 15:15:14 PAGE 2   

  56   1      
  57   1          return 0;
  58   1      }
  59          
  60          


MODULE INFORMATION:   STATIC OVERLAYABLE
   CODE SIZE        =    105    ----
   CONSTANT SIZE    =     27    ----
   XDATA SIZE       =   ----    ----
   PDATA SIZE       =   ----    ----
   DATA SIZE        =   ----       1
   IDATA SIZE       =   ----    ----
   BIT SIZE         =   ----    ----
END OF MODULE INFORMATION.


C51 COMPILATION COMPLETE.  0 WARNING(S),  0 ERROR(S)
