Removed Pin From Net: NetName=P1.5 Pin=-1
Removed Pin From Net: NetName=P1.5 Pin=-1
Removed Pin From Net: NetName=P1.6 Pin=-2
Removed Pin From Net: NetName=P1.6 Pin=-2
Removed Pin From Net: NetName=P1.7 Pin=-3
Removed Pin From Net: NetName=P1.7 Pin=-3
Removed Pin From Net: NetName=RXT Pin=-5
Removed Pin From Net: NetName=RXT Pin=-5
Removed Pin From Net: NetName=TXD Pin=-7
Removed Pin From Net: NetName=TXD Pin=-7
Removed Pin From Net: NetName=P3.2 Pin=-8
Removed Pin From Net: NetName=P3.2 Pin=-8
Removed Pin From Net: NetName=P3.3 Pin=-9
Removed Pin From Net: NetName=P3.3 Pin=-9
Removed Pin From Net: NetName=P3.4 Pin=-10
Removed Pin From Net: NetName=P3.4 Pin=-10
Removed Pin From Net: NetName=P3.5 Pin=-11
Removed Pin From Net: NetName=P3.5 Pin=-11
Removed Pin From Net: NetName=P3.6 Pin=-12
Removed Pin From Net: NetName=P3.7 Pin=-13
Removed Pin From Net: NetName=GND Pin=-16
Removed Pin From Net: NetName=VCC Pin=-38
Removed Pin From Net: NetName=VCC Pin=-38
Removed Pin From Net: NetName=P1.0 Pin=-39
Removed Pin From Net: NetName=P1.0 Pin=-39
Removed Pin From Net: NetName=P1.1 Pin=-40
Removed Pin From Net: NetName=P1.1 Pin=-40
Removed Pin From Net: NetName=P1.2 Pin=-41
Removed Pin From Net: NetName=P1.2 Pin=-41
Removed Pin From Net: NetName=P1.3 Pin=-42
Removed Pin From Net: NetName=P1.3 Pin=-42
Removed Pin From Net: NetName=P1.4 Pin=-43
Removed Pin From Net: NetName=P1.4 Pin=-43
Removed Pin From Net: NetName=P1.5 Pin=-44
Removed Pin From Net: NetName=P1.5 Pin=-44
Removed Pin From Net: NetName=GND Pin=11.0592M-2
Removed Pin From Net: NetName=GND Pin=11.0592M-4
Removed Pin From Net: NetName=GND Pin=C7-1
Removed Pin From Net: NetName=GND Pin=C8-1
Removed Pin From Net: NetName=P1.7 Pin=P01-1
Removed Pin From Net: NetName=P1.6 Pin=P01-2
Removed Pin From Net: NetName=P1.5 Pin=P01-3
Removed Pin From Net: NetName=P1.4 Pin=P01-4
Removed Pin From Net: NetName=P1.3 Pin=P01-5
Removed Pin From Net: NetName=P1.2 Pin=P01-6
Removed Pin From Net: NetName=P1.1 Pin=P01-7
Removed Pin From Net: NetName=P1.0 Pin=P01-8
Removed Pin From Net: NetName=P3.7 Pin=P03-1
Removed Pin From Net: NetName=P3.6 Pin=P03-2
Removed Pin From Net: NetName=P3.5 Pin=P03-3
Removed Pin From Net: NetName=P3.4 Pin=P03-4
Removed Pin From Net: NetName=P3.3 Pin=P03-5
Removed Pin From Net: NetName=P3.2 Pin=P03-6
Removed Pin From Net: NetName=GND Pin=S2-1
Removed Pin From Net: NetName=P3.2 Pin=S2-2
Removed Member From Class: ClassName=main Member=11.0592M
Removed Member From Class: ClassName=main Member=11.0592M
Removed Member From Class: ClassName=main Member=11.0592M
Removed Member From Class: ClassName=main Member=11.0592M
Removed Member From Class: ClassName=main Member=C7
Removed Member From Class: ClassName=main Member=C7
Removed Member From Class: ClassName=main Member=C7
Removed Member From Class: ClassName=main Member=C7
Removed Member From Class: ClassName=main Member=C7
Removed Member From Class: ClassName=main Member=C7
Removed Member From Class: ClassName=main Member=C7
Removed Member From Class: ClassName=main Member=C7
Removed Member From Class: ClassName=main Member=C7
Removed Member From Class: ClassName=main Member=C7
Removed Member From Class: ClassName=main Member=C7
Removed Member From Class: ClassName=main Member=C7
Removed Member From Class: ClassName=main Member=C7
Removed Member From Class: ClassName=main Member=C7
Removed Member From Class: ClassName=main Member=C7
Removed Member From Class: ClassName=main Member=C7
Removed Member From Class: ClassName=main Member=C7
Removed Member From Class: ClassName=main Member=C7
Removed Member From Class: ClassName=main Member=C7
Removed Member From Class: ClassName=main Member=C7
Removed Member From Class: ClassName=main Member=C7
Removed Member From Class: ClassName=main Member=C7
Removed Member From Class: ClassName=main Member=C7
Removed Member From Class: ClassName=main Member=C7
Removed Member From Class: ClassName=main Member=C7
Removed Member From Class: ClassName=main Member=C7
Removed Member From Class: ClassName=main Member=C7
Removed Member From Class: ClassName=main Member=C8
Removed Member From Class: ClassName=main Member=C8
Removed Member From Class: ClassName=main Member=C8
Removed Member From Class: ClassName=main Member=C8
Removed Member From Class: ClassName=main Member=C8
Removed Member From Class: ClassName=main Member=C8
Removed Member From Class: ClassName=main Member=C8
Removed Member From Class: ClassName=main Member=C8
Removed Member From Class: ClassName=main Member=C8
Removed Member From Class: ClassName=main Member=C8
Removed Member From Class: ClassName=main Member=C8
Removed Member From Class: ClassName=main Member=C8
Removed Member From Class: ClassName=main Member=C8
Removed Member From Class: ClassName=main Member=C8
Removed Member From Class: ClassName=main Member=C8
Removed Member From Class: ClassName=main Member=C8
Removed Member From Class: ClassName=main Member=C8
Removed Member From Class: ClassName=main Member=C8
Removed Member From Class: ClassName=main Member=C8
Removed Member From Class: ClassName=main Member=C8
Removed Member From Class: ClassName=main Member=C8
Removed Member From Class: ClassName=main Member=C8
Removed Member From Class: ClassName=main Member=C8
Removed Member From Class: ClassName=main Member=C8
Removed Member From Class: ClassName=main Member=C8
Removed Member From Class: ClassName=main Member=C8
Removed Member From Class: ClassName=main Member=C8
Removed Member From Class: ClassName=main Member=P00
Removed Member From Class: ClassName=main Member=P00
Removed Member From Class: ClassName=main Member=P00
Removed Member From Class: ClassName=main Member=P00
Removed Member From Class: ClassName=main Member=P00
Removed Member From Class: ClassName=main Member=P00
Removed Member From Class: ClassName=main Member=P00
Removed Member From Class: ClassName=main Member=P00
Removed Member From Class: ClassName=main Member=P00
Removed Member From Class: ClassName=main Member=P00
Removed Member From Class: ClassName=main Member=P00
Removed Member From Class: ClassName=main Member=P00
Removed Member From Class: ClassName=main Member=P00
Removed Member From Class: ClassName=main Member=P00
Removed Member From Class: ClassName=main Member=P00
Removed Member From Class: ClassName=main Member=P00
Removed Member From Class: ClassName=main Member=P01
Removed Member From Class: ClassName=main Member=P01
Removed Member From Class: ClassName=main Member=P01
Removed Member From Class: ClassName=main Member=P01
Removed Member From Class: ClassName=main Member=P01
Removed Member From Class: ClassName=main Member=P01
Removed Member From Class: ClassName=main Member=P01
Removed Member From Class: ClassName=main Member=P01
Removed Member From Class: ClassName=main Member=P01
Removed Member From Class: ClassName=main Member=P01
Removed Member From Class: ClassName=main Member=P01
Removed Member From Class: ClassName=main Member=P01
Removed Member From Class: ClassName=main Member=P01
Removed Member From Class: ClassName=main Member=P01
Removed Member From Class: ClassName=main Member=P01
Removed Member From Class: ClassName=main Member=P01
Removed Member From Class: ClassName=main Member=S2
Removed Member From Class: ClassName=main Member=S2
Removed Member From Class: ClassName=main Member=S2
Removed Member From Class: ClassName=main Member=S2
Removed Member From Class: ClassName=main Member=S2
Removed Member From Class: ClassName=main Member=S2
Removed Member From Class: ClassName=main Member=S2
Removed Member From Class: ClassName=main Member=S2
Change Component Comment : Designator=C6 Old Comment=Cap Semi New Comment=
Change Component Comment : Designator=CH1 Old Comment=Component_1 New Comment=
Added Component: Designator=U3(TSSOP20)
Added Pin To Net: NetName=P3.2 Pin=P1-3
Added Pin To Net: NetName=P3.3 Pin=P1-4
Added Pin To Net: NetName=P1.7 Pin=P02-3
Added Pin To Net: NetName=P1.6 Pin=P02-4
Added Pin To Net: NetName=P1.5 Pin=P02-5
Added Pin To Net: NetName=P1.4 Pin=P02-6
Added Pin To Net: NetName=P1.3 Pin=P02-7
Added Pin To Net: NetName=P1.2 Pin=P02-8
Added Pin To Net: NetName=VCC Pin=P03-1
Added Pin To Net: NetName=GND Pin=P03-2
Added Pin To Net: NetName=P3.4 Pin=P03-3
Added Pin To Net: NetName=P3.5 Pin=P03-4
Added Pin To Net: NetName=P3.6 Pin=P03-5
Added Pin To Net: NetName=P3.7 Pin=P03-6
Added Pin To Net: NetName=P1.0 Pin=P03-7
Added Pin To Net: NetName=P1.1 Pin=P03-8
Added Pin To Net: NetName=P3.2 Pin=R5-1
Added Pin To Net: NetName=P3.3 Pin=R6-1
Added Pin To Net: NetName=P1.2 Pin=U3-1
Added Pin To Net: NetName=P1.3 Pin=U3-2
Added Pin To Net: NetName=P1.4 Pin=U3-3
Added Pin To Net: NetName=P1.5 Pin=U3-4
Added Pin To Net: NetName=P1.6 Pin=U3-5
Added Pin To Net: NetName=P1.7 Pin=U3-6
Added Pin To Net: NetName=VCC Pin=U3-8
Added Pin To Net: NetName=GND Pin=U3-10
Added Pin To Net: NetName=TXD Pin=U3-11
Added Pin To Net: NetName=RXT Pin=U3-12
Added Pin To Net: NetName=P3.2 Pin=U3-13
Added Pin To Net: NetName=P3.3 Pin=U3-14
Added Pin To Net: NetName=P3.4 Pin=U3-15
Added Pin To Net: NetName=P3.5 Pin=U3-16
Added Pin To Net: NetName=P3.6 Pin=U3-17
Added Pin To Net: NetName=P3.7 Pin=U3-18
Added Pin To Net: NetName=P1.0 Pin=U3-19
Added Pin To Net: NetName=P1.1 Pin=U3-20
Added Pin To Net: NetName=P5.4 Pin=C6-1
Added Pin To Net: NetName=P5.4 Pin=P02-2
Added Pin To Net: NetName=P5.4 Pin=R4-2
Added Pin To Net: NetName=P5.4 Pin=U3-7
Added Net: Name=P5.4
Added Pin To Net: NetName=P5.5 Pin=P02-1
Added Pin To Net: NetName=P5.5 Pin=U3-9
Added Net: Name=P5.5
Added Member To Class: ClassName=main Member=Component U3 STC8G1K08T-TSSOP20
Added Room: Name=main
