C51 COMPILER V9.00   MAIN                                                                  05/26/2020 19:15:50 PAGE 1   


C51 COMPILER V9.00, COMPILATION OF MODULE MAIN
OBJECT MODULE PLACED IN .\list\main.obj
COMPILER INVOKED BY: G:\2.develop\Keil\C51\BIN\C51.EXE main.c BROWSE DEBUG OBJECTEXTEND PRINT(.\list\main.lst) OBJECT(.\
                    -list\main.obj)

line level    source

   1          /******************************************
   2                  作者：神秘藏宝室
   3                  店铺：ILoveMCU.taobao.com
   4          ******************************************/
   5          
   6          
   7          #include        "config.h"
   8          #include        "delay.h"
   9          
  10          /*************  功能说明        **************
  11          
  12          本程序演示LED闪烁  
  13          
  14          
  15          ******************************************/
  16          
  17          /*************  本地常量声明    **************/
  18          
  19          
  20          /*************  本地变量声明    **************/
  21          
  22          
  23          /*************  本地函数声明    **************/
  24          
  25          
  26          
  27          /*************  外部函数和变量声明 *****************/
  28          
  29          
  30          
  31          /******************** IO配置函数 **************************/
  32          void    GPIO_config(void)
  33          {
  34   1              P1M0 = 0;               //设置准双向口
  35   1              P1M1 = 0;
  36   1      }
  37          
  38          /******************** 主函数 **************************/
  39          void main(void)
  40          {
  41   1              GPIO_config();
  42   1              
  43   1              while(1)
  44   1              {
  45   2                      RELAY1 = 0;
  46   2                      RELAY2 = 1;
  47   2                      delay_ms(250);
  48   2                      delay_ms(250);
  49   2                      delay_ms(250);
  50   2                      delay_ms(250);
  51   2                      RELAY1 = 1;
  52   2                      RELAY2 = 0;
  53   2                      delay_ms(250);
  54   2                      delay_ms(250);
C51 COMPILER V9.00   MAIN                                                                  05/26/2020 19:15:50 PAGE 2   

  55   2                      delay_ms(250);
  56   2                      delay_ms(250);
  57   2              
  58   2              }
  59   1      }
  60          
  61          
  62          
  63          


MODULE INFORMATION:   STATIC OVERLAYABLE
   CODE SIZE        =     59    ----
   CONSTANT SIZE    =   ----    ----
   XDATA SIZE       =   ----    ----
   PDATA SIZE       =   ----    ----
   DATA SIZE        =   ----    ----
   IDATA SIZE       =   ----    ----
   BIT SIZE         =   ----    ----
END OF MODULE INFORMATION.


C51 COMPILATION COMPLETE.  0 WARNING(S),  0 ERROR(S)
