C51 COMPILER V9.59.0.0   MAIN                                                              08/11/2020 11:10:59 PAGE 1   


C51 COMPILER V9.59.0.0, COMPILATION OF MODULE MAIN
OBJECT MODULE PLACED IN ..\obj\main.obj
COMPILER INVOKED BY: C:\Keil_v5\C51\BIN\C51.EXE ..\USER\main.c LARGE OPTIMIZE(8,SPEED) BROWSE INCDIR(..\font;..\GUI;..\L
                    -CD;..\sys;..\touch;..\USER) DEBUG OBJECTEXTEND PRINT(.\main.lst) TABS(2) OBJECT(..\obj\main.obj)

line level    source

   1          /*---------------------------------------------------------------------*/
   2          /* --- STC MCU Limited ------------------------------------------------*/
   3          /* --- STC 1T Series MCU Demo Programme -------------------------------*/
   4          /* --- Mobile: (86)13922805190 ----------------------------------------*/
   5          /* --- Fax: 86-0513-55012956,55012947,55012969 ------------------------*/
   6          /* --- Tel: 86-0513-55012928,55012929,55012966 ------------------------*/
   7          /* --- Web: www.STCMCU.com --------------------------------------------*/
   8          /* --- Web: www.STCMCUDATA.com  ---------------------------------------*/
   9          /* --- QQ:  800003751 -------------------------------------------------*/
  10          /* 液晶屏驱动程序参考wiki技术网站提供的开源源码，仅供学习使用          */
  11          /* 如果要在程序中使用此代码,请在程序中注明使用了STC的资料及程序        */
  12          /*---------------------------------------------------------------------*/
  13          
  14          //=========================================电源接线================================================//
  15          //VDD接DC 3.3V电源
  16          //GND接地
  17          //=======================================液晶屏数据线接线==========================================//
  18          //本模块数据总线类型为8位并口
  19          //液晶屏模块             STC8H8K64U
  20          // LCD_D0~D7     接       P00~P07        //液晶屏8位数据线
  21          //=======================================液晶屏控制线接线==========================================//
  22          //液晶屏模块             STC8H8K64U
  23          // LCD_RS        接        P45           //数据/命令选择控制信号
  24          // LCD_RD        接        P44           //读控制信号
  25          // LCD_RST       接        P43           //复位信号
  26          // LCD_WR        接        P42           //写控制信号
  27          // LCD_CS        接        P34           //片选控制信号
  28          //===========================================触摸屏接线============================================//
  29          //不使用触摸或者模块本身不带触摸，则可不连接
  30          //触摸屏使用的数据总线类型为SPI
  31          //触摸屏模块             STC8H8K64U
  32          //  T_CS         接        P52          //触摸屏片选控制信号
  33          //  T_CLK        接        P25          //触摸屏SPI时钟信号
  34          //  T_DO         接        P24          //触摸屏SPI读信号
  35          //  T_DIN        接        P23          //触摸屏SPI写信号
  36          //  T_IRQ        接        P36          //触摸屏响应检查信号
  37          //**************************************************************************************************/ 
  38          #include "sys.h"
  39          #include "lcd.h"
  40          #include "gui.h"
  41          #include "test.h"
  42          #include "touch.h"
  43          
  44          //主函数
  45          void main(void)
  46          { 
  47   1        //液晶屏初始化
  48   1        LCD_Init();
  49   1      
  50   1        //循环进行各项测试  
  51   1        while(1)
  52   1        {
  53   2        #if 1
  54   2          main_test();    //测试主界面
C51 COMPILER V9.59.0.0   MAIN                                                              08/11/2020 11:10:59 PAGE 2   

  55   2          Test_Read();     //读ID和颜色值测试
  56   2          Test_Color();     //简单刷屏填充测试
  57   2          Test_FillRec();   //GUI矩形绘图测试
  58   2          Test_Circle();    //GUI画圆测试
  59   2          Test_Triangle();   //GUI三角形填充测试
  60   2          English_Font_test();//英文字体示例测试
  61   2          Chinese_Font_test();//中文字体示例测试
  62   2          Pic_test();     //图片显示示例测试
  63   2        #else
                //需要触摸校准时，使用下面触摸校准测试项
                  Touch_Adjust();  //触摸校准
                //不使用触摸或者模块本身不带触摸，请屏蔽下面触摸屏测试
                  Touch_Test();   //触摸屏手写测试
                #endif
  69   2        }
  70   1      }


MODULE INFORMATION:   STATIC OVERLAYABLE
   CODE SIZE        =     32    ----
   CONSTANT SIZE    =   ----    ----
   XDATA SIZE       =   ----    ----
   PDATA SIZE       =   ----    ----
   DATA SIZE        =   ----    ----
   IDATA SIZE       =   ----    ----
   BIT SIZE         =   ----    ----
END OF MODULE INFORMATION.


C51 COMPILATION COMPLETE.  0 WARNING(S),  0 ERROR(S)
