C51 COMPILER V9.59.0.0   SYS                                                               08/11/2020 11:11:00 PAGE 1   


C51 COMPILER V9.59.0.0, COMPILATION OF MODULE SYS
OBJECT MODULE PLACED IN ..\obj\sys.obj
COMPILER INVOKED BY: C:\Keil_v5\C51\BIN\C51.EXE ..\sys\sys.c LARGE OPTIMIZE(8,SPEED) BROWSE INCDIR(..\font;..\GUI;..\LCD
                    -;..\sys;..\touch;..\USER) DEBUG OBJECTEXTEND PRINT(.\sys.lst) TABS(2) OBJECT(..\obj\sys.obj)

line level    source

   1          /*---------------------------------------------------------------------*/
   2          /* --- STC MCU Limited ------------------------------------------------*/
   3          /* --- STC 1T Series MCU Demo Programme -------------------------------*/
   4          /* --- Mobile: (86)13922805190 ----------------------------------------*/
   5          /* --- Fax: 86-0513-55012956,55012947,55012969 ------------------------*/
   6          /* --- Tel: 86-0513-55012928,55012929,55012966 ------------------------*/
   7          /* --- Web: www.STCMCU.com --------------------------------------------*/
   8          /* --- Web: www.STCMCUDATA.com  ---------------------------------------*/
   9          /* --- QQ:  800003751 -------------------------------------------------*/
  10          /* 液晶屏驱动程序参考wiki技术网站提供的开源源码，仅供学习使用          */
  11          /* 如果要在程序中使用此代码,请在程序中注明使用了STC的资料及程序        */
  12          /*---------------------------------------------------------------------*/
  13          
  14          //=========================================电源接线================================================//
  15          //VDD接DC 3.3V电源
  16          //GND接地
  17          //=======================================液晶屏数据线接线==========================================//
  18          //本模块数据总线类型为8位并口
  19          //液晶屏模块             STC8H8K64U
  20          // LCD_D0~D7     接       P00~P07        //液晶屏8位数据线
  21          //=======================================液晶屏控制线接线==========================================//
  22          //液晶屏模块             STC8H8K64U
  23          // LCD_RS        接        P45           //数据/命令选择控制信号
  24          // LCD_RD        接        P44           //读控制信号
  25          // LCD_RST       接        P43           //复位信号
  26          // LCD_WR        接        P42           //写控制信号
  27          // LCD_CS        接        P34           //片选控制信号
  28          //===========================================触摸屏接线============================================//
  29          //不使用触摸或者模块本身不带触摸，则可不连接
  30          //触摸屏使用的数据总线类型为SPI
  31          //触摸屏模块             STC8H8K64U
  32          //  T_CS         接        P52          //触摸屏片选控制信号
  33          //  T_CLK        接        P25          //触摸屏SPI时钟信号
  34          //  T_DO         接        P24          //触摸屏SPI读信号
  35          //  T_DIN        接        P23          //触摸屏SPI写信号
  36          //  T_IRQ        接        P36          //触摸屏响应检查信号
  37          //**************************************************************************************************/ 
  38          #include "sys.h"
  39          void delay_ms(int count)  // /* X1ms */
  40          {
  41   1           u16 i;
  42   1           do{
  43   2                i = MAIN_Fosc / 13000;
  44   2                while(--i)    ;   //14T per loop
  45   2           }while(--count);
  46   1      }
  47          
  48          void delay_us(int count)  // /* X1us */
  49          {
  50   1              int i,j;
  51   1              for(i=0;i<count;i++)
  52   1                      for(j=0;j<1;j++);
  53   1      }

C51 COMPILER V9.59.0.0   SYS                                                               08/11/2020 11:11:00 PAGE 2   


MODULE INFORMATION:   STATIC OVERLAYABLE
   CODE SIZE        =     61    ----
   CONSTANT SIZE    =   ----    ----
   XDATA SIZE       =   ----    ----
   PDATA SIZE       =   ----    ----
   DATA SIZE        =   ----    ----
   IDATA SIZE       =   ----    ----
   BIT SIZE         =   ----    ----
END OF MODULE INFORMATION.


C51 COMPILATION COMPLETE.  0 WARNING(S),  0 ERROR(S)
