C51 COMPILER V9.59.0.0   INIT                                                              08/11/2020 16:22:08 PAGE 1   


C51 COMPILER V9.59.0.0, COMPILATION OF MODULE INIT
OBJECT MODULE PLACED IN init.OBJ
COMPILER INVOKED BY: C:\Keil_v5\C51\BIN\C51.EXE init.c OPTIMIZE(8,SPEED) BROWSE DEBUG OBJECTEXTEND TABS(2)

line level    source

   1          /*---------------------------------------------------------------------*/
   2          /* --- STC MCU Limited ------------------------------------------------*/
   3          /* --- STC 1T Series MCU Demo Programme -------------------------------*/
   4          /* --- Mobile: (86)13922805190 ----------------------------------------*/
   5          /* --- Fax: 86-0513-55012956,55012947,55012969 ------------------------*/
   6          /* --- Tel: 86-0513-55012928,55012929,55012966 ------------------------*/
   7          /* --- Web: www.STCMCU.com --------------------------------------------*/
   8          /* --- Web: www.STCMCUDATA.com  ---------------------------------------*/
   9          /* --- QQ:  800003751 -------------------------------------------------*/
  10          /* 如果要在程序中使用此代码,请在程序中注明使用了STC的资料及程序            */
  11          /*---------------------------------------------------------------------*/
  12          
  13          
  14          /*************  本程序功能说明  **************
  15          
  16          用STC的MCU的IO方式驱动8位数码管。
  17          
  18          下载时, 选择时钟 24MHZ (用户可自行修改频率).
  19          
  20          显示效果为: 左边为INT0(SW17)中断计数, 右边为INT1(SW18)中断计数, 计数范围为0~255.
  21          
  22          由于按键是机械按键, 按下有抖动, 而本例程没有去抖动处理, 所以按一次有多个计数也是正常的.
  23          
  24          INT2, INT3, INT4 实验板上没有引出测试按键，供需要时参考使用.
  25          
  26          ******************************************/
  27          
  28          #include    "reg51.h"
  29          
  30          #define MAIN_Fosc       24000000L   //定义主时钟
  31          
  32          typedef     unsigned char   u8;
  33          typedef     unsigned int    u16;
  34          typedef     unsigned long   u32;
  35          
  36          sfr P4   = 0xC0;
  37          sfr P5   = 0xC8;
  38          sfr P6   = 0xE8;
  39          sfr P7   = 0xF8;
  40          sfr P1M1 = 0x91;    //PxM1.n,PxM0.n     =00--->Standard,    01--->push-pull
  41          sfr P1M0 = 0x92;    //                  =10--->pure input,  11--->open drain
  42          sfr P0M1 = 0x93;
  43          sfr P0M0 = 0x94;
  44          sfr P2M1 = 0x95;
  45          sfr P2M0 = 0x96;
  46          sfr P3M1 = 0xB1;
  47          sfr P3M0 = 0xB2;
  48          sfr P4M1 = 0xB3;
  49          sfr P4M0 = 0xB4;
  50          sfr P5M1 = 0xC9;
  51          sfr P5M0 = 0xCA;
  52          sfr P6M1 = 0xCB;
  53          sfr P6M0 = 0xCC;
  54          sfr P7M1 = 0xE1;
  55          sfr P7M0 = 0xE2;
C51 COMPILER V9.59.0.0   INIT                                                              08/11/2020 16:22:08 PAGE 2   

  56          
  57          sbit P00 = P0^0;
  58          sbit P01 = P0^1;
  59          sbit P02 = P0^2;
  60          sbit P03 = P0^3;
  61          sbit P04 = P0^4;
  62          sbit P05 = P0^5;
  63          sbit P06 = P0^6;
  64          sbit P07 = P0^7;
  65          sbit P10 = P1^0;
  66          sbit P11 = P1^1;
  67          sbit P12 = P1^2;
  68          sbit P13 = P1^3;
  69          sbit P14 = P1^4;
  70          sbit P15 = P1^5;
  71          sbit P16 = P1^6;
  72          sbit P17 = P1^7;
  73          sbit P20 = P2^0;
  74          sbit P21 = P2^1;
  75          sbit P22 = P2^2;
  76          sbit P23 = P2^3;
  77          sbit P24 = P2^4;
  78          sbit P25 = P2^5;
  79          sbit P26 = P2^6;
  80          sbit P27 = P2^7;
  81          sbit P30 = P3^0;
  82          sbit P31 = P3^1;
  83          sbit P32 = P3^2;
  84          sbit P33 = P3^3;
  85          sbit P34 = P3^4;
  86          sbit P35 = P3^5;
  87          sbit P36 = P3^6;
  88          sbit P37 = P3^7;
  89          sbit P40 = P4^0;
  90          sbit P41 = P4^1;
  91          sbit P42 = P4^2;
  92          sbit P43 = P4^3;
  93          sbit P44 = P4^4;
  94          sbit P45 = P4^5;
  95          sbit P46 = P4^6;
  96          sbit P47 = P4^7;
  97          sbit P50 = P5^0;
  98          sbit P51 = P5^1;
  99          sbit P52 = P5^2;
 100          sbit P53 = P5^3;
 101          sbit P54 = P5^4;
 102          sbit P55 = P5^5;
 103          sbit P56 = P5^6;
 104          sbit P57 = P5^7;
 105          
 106          sfr INTCLKO = 0x8F;
 107          #define EX2 0x10
 108          #define EX3 0x20
 109          #define EX4 0x40
 110          
 111          #define DIS_DOT     0x20
 112          #define DIS_BLACK   0x10
 113          #define DIS_        0x11
 114          
 115          /****************************** 用户定义宏 ***********************************/
 116          
 117          #define     Timer0_Reload   (65536UL -(MAIN_Fosc / 1000))       //Timer 0 中断频率, 1000次/秒
C51 COMPILER V9.59.0.0   INIT                                                              08/11/2020 16:22:08 PAGE 3   

 118          
 119          /*****************************************************************************/
 120          
 121          
 122          /*************  本地常量声明    **************/
 123          u8 code t_display[]={                       //标准字库
 124          //   0    1    2    3    4    5    6    7    8    9    A    B    C    D    E    F
 125              0x3F,0x06,0x5B,0x4F,0x66,0x6D,0x7D,0x07,0x7F,0x6F,0x77,0x7C,0x39,0x5E,0x79,0x71,
 126          //black  -     H    J    K    L    N    o   P    U     t    G    Q    r   M    y
 127              0x00,0x40,0x76,0x1E,0x70,0x38,0x37,0x5C,0x73,0x3E,0x78,0x3d,0x67,0x50,0x37,0x6e,
 128              0xBF,0x86,0xDB,0xCF,0xE6,0xED,0xFD,0x87,0xFF,0xEF,0x46};    //0. 1. 2. 3. 4. 5. 6. 7. 8. 9. -1
 129          
 130          u8 code T_COM[]={0x01,0x02,0x04,0x08,0x10,0x20,0x40,0x80};      //位码
 131          
 132          
 133          /*************  IO口定义    **************/
 134          
 135          /*************  本地变量声明    **************/
 136          
 137          u8  LED8[8];        //显示缓冲
 138          u8  display_index;  //显示位索引
 139          
 140          u8  INT0_cnt, INT1_cnt; //测试用的计数变量
 141          u8  INT2_cnt, INT3_cnt, INT4_cnt; //测试用的计数变量
 142          
 143          void    delay_ms(u8 ms);
 144          void    DisplayScan(void);
 145          
 146          /********************** 主函数 ************************/
 147          void main(void)
 148          {
 149   1          u8  i;
 150   1          
 151   1          P0M1 = 0;   P0M0 = 0;   //设置为准双向口
 152   1          P1M1 = 0;   P1M0 = 0;   //设置为准双向口
 153   1          P2M1 = 0;   P2M0 = 0;   //设置为准双向口
 154   1          P3M1 = 0;   P3M0 = 0;   //设置为准双向口
 155   1          P4M1 = 0;   P4M0 = 0;   //设置为准双向口
 156   1          P5M1 = 0;   P5M0 = 0;   //设置为准双向口
 157   1          P6M1 = 0;   P6M0 = 0;   //设置为准双向口
 158   1          P7M1 = 0;   P7M0 = 0;   //设置为准双向口
 159   1      
 160   1          display_index = 0;
 161   1          for(i=0; i<8; i++)  LED8[i] = DIS_BLACK;    //全部消隐
 162   1          
 163   1          
 164   1          INT0_cnt = 0;
 165   1          INT1_cnt = 0;
 166   1      
 167   1          IE1  = 0;   //外中断1标志位
 168   1          IE0  = 0;   //外中断0标志位
 169   1          EX1 = 1;    //INT1 Enable
 170   1          EX0 = 1;    //INT0 Enable
 171   1      
 172   1          IT0 = 1;        //INT0 下降沿中断       
 173   1      //  IT0 = 0;        //INT0 上升,下降沿中断  
 174   1          IT1 = 1;        //INT1 下降沿中断       
 175   1      //  IT1 = 0;        //INT1 上升,下降沿中断  
 176   1      
 177   1          //INT2, INT3, INT4 实验板上没有引出测试按键，供需要时参考使用
 178   1      //    INTCLKO = EX2;  //使能 INT2 下降沿中断
 179   1      //    INTCLKO |= EX3; //使能 INT3 下降沿中断
C51 COMPILER V9.59.0.0   INIT                                                              08/11/2020 16:22:08 PAGE 4   

 180   1      //    INTCLKO |= EX4; //使能 INT4 下降沿中断
 181   1      
 182   1          EA = 1;     //允许总中断
 183   1      
 184   1          while(1)
 185   1          {
 186   2              delay_ms(1);    //延时1ms
 187   2              DisplayScan();
 188   2          }
 189   1      } 
 190          /**********************************************/
 191          
 192          //========================================================================
 193          // 函数: void  delay_ms(unsigned char ms)
 194          // 描述: 延时函数。
 195          // 参数: ms,要延时的ms数, 这里只支持1~255ms. 自动适应主时钟.
 196          // 返回: none.
 197          // 版本: VER1.0
 198          // 日期: 2013-4-1
 199          // 备注: 
 200          //========================================================================
 201          void  delay_ms(u8 ms)
 202          {
 203   1           u16 i;
 204   1           do{
 205   2                i = MAIN_Fosc / 13000;
 206   2                while(--i)    ;   //14T per loop
 207   2           }while(--ms);
 208   1      }
 209          
 210          
 211          /********************* INT0中断函数 *************************/
 212          void INT0_int (void) interrupt 0      //进中断时已经清除标志
 213          {
 214   1          INT0_cnt++; //中断+1
 215   1      }
 216          
 217          /********************* INT1中断函数 *************************/
 218          void INT1_int (void) interrupt 2      //进中断时已经清除标志
 219          {
 220   1          INT1_cnt++; //中断+1
 221   1      }
 222          
 223          /********************* INT2中断函数 *************************/
 224          void INT2_int (void) interrupt 10     //进中断时已经清除标志
 225          {
 226   1          INT2_cnt++; //中断+1
 227   1      }
 228          
 229          /********************* INT3中断函数 *************************/
 230          void INT3_int (void) interrupt 11     //进中断时已经清除标志
 231          {
 232   1          INT3_cnt++; //中断+1
 233   1      }
 234          
 235          /********************* INT4中断函数 *************************/
 236          void INT4_int (void) interrupt 16     //进中断时已经清除标志
 237          {
 238   1          INT4_cnt++; //中断+1
 239   1      }
 240          
 241          /********************** 显示扫描函数 ************************/
C51 COMPILER V9.59.0.0   INIT                                                              08/11/2020 16:22:08 PAGE 5   

 242          void DisplayScan(void)
 243          {   
 244   1          P7 = ~T_COM[7-display_index];
 245   1          P6 = ~t_display[LED8[display_index]];
 246   1          if(++display_index >= 8)
 247   1          {
 248   2              display_index = 0;  //8位结束回0
 249   2              LED8[0] = INT0_cnt / 100;
 250   2              LED8[1] = (INT0_cnt % 100)/10;
 251   2              LED8[2] = INT0_cnt % 10;
 252   2              LED8[3] = DIS_BLACK;
 253   2              LED8[4] = DIS_BLACK;
 254   2              LED8[5] = INT1_cnt / 100;
 255   2              LED8[6] = (INT1_cnt % 100)/10;
 256   2              LED8[7] = INT1_cnt % 10;
 257   2          }
 258   1      }
 259          


MODULE INFORMATION:   STATIC OVERLAYABLE
   CODE SIZE        =    238    ----
   CONSTANT SIZE    =     51    ----
   XDATA SIZE       =   ----    ----
   PDATA SIZE       =   ----    ----
   DATA SIZE        =     14    ----
   IDATA SIZE       =   ----    ----
   BIT SIZE         =   ----    ----
END OF MODULE INFORMATION.


C51 COMPILATION COMPLETE.  0 WARNING(S),  0 ERROR(S)
