C51 COMPILER V9.00   UART                                                                  10/13/2020 20:35:49 PAGE 1   


C51 COMPILER V9.00, COMPILATION OF MODULE UART
OBJECT MODULE PLACED IN .\Objects\uart.obj
COMPILER INVOKED BY: C:\Keil\C51\BIN\C51.EXE uart.c BROWSE DEBUG OBJECTEXTEND PRINT(.\Listings\uart.lst) OBJECT(.\Object
                    -s\uart.obj)

line level    source

   1          /*************  功能说明    **************
   2          
   3          串口1全双工中断方式收发通讯程序。
   4          
   5          通过PC向MCU发送数据, MCU收到后通过串口1把收到的数据原样返回.
   6          
   7          下载时, 选择时钟 22.1184MHz (用户可自行修改频率).
   8          
   9          ******************************************/
  10          
  11          #include    "reg51.h"
  12          #include    "uart.h"
  13          
  14          /*使用 22118400L   //定义主时钟（精确计算115200波特率）*/
  15          #define MAIN_Fosc       11059200
  16          
  17          #define     Baudrate1           115200L
  18          #define     UART1_BUF_LENGTH    64
  19          
  20          
  21          u8  TX1_Cnt;    //发送计数
  22          u8  RX1_Cnt;    //接收计数
  23          bit B_TX1_Busy; //发送忙标志
  24          
  25          u8  idata RX1_Buffer[UART1_BUF_LENGTH]; //接收缓冲
  26          #if 0
              //========================================================================
              // 函数: void main(void)
              // 描述: 主函数。
              // 参数: none.
              // 返回: none.
              // 版本: VER1.0
              // 日期: 2014-11-28
              // 备注: 
              //========================================================================
              void main(void)
              {
                  P0M1 = 0;   P0M0 = 0;   //设置为准双向口
                  P1M1 = 0;   P1M0 = 0;   //设置为准双向口
                  P2M1 = 0;   P2M0 = 0;   //设置为准双向口
                  P3M1 = 0;   P3M0 = 0;   //设置为准双向口
                  P4M1 = 0;   P4M0 = 0;   //设置为准双向口
                  P5M1 = 0;   P5M0 = 0;   //设置为准双向口
                  P6M1 = 0;   P6M0 = 0;   //设置为准双向口
                  P7M1 = 0;   P7M0 = 0;   //设置为准双向口
              
                  UART1_config(1);    // 选择波特率, 2: 使用Timer2做波特率, 其它值: 使用Timer1做波特
             -.
                  EA = 1; //允许总中断
              
                  PrintString1("STC8H8K64U UART1 Test Programme!\r\n");  //UART1发送一个字符串
              
                  while (1)
                  {
C51 COMPILER V9.00   UART                                                                  10/13/2020 20:35:49 PAGE 2   

                      if((TX1_Cnt != RX1_Cnt) && (!B_TX1_Busy))   //收到数据, 发送空闲
                      {
                          SBUF = RX1_Buffer[TX1_Cnt];     //把收到的数据远样返回
                          B_TX1_Busy = 1;
                          if(++TX1_Cnt >= UART1_BUF_LENGTH)   TX1_Cnt = 0;
                      }
                  }
              }
              
              #endif
  64          //========================================================================
  65          // 函数: void PrintString1(u8 *puts)
  66          // 描述: 串口1发送字符串函数。
  67          // 参数: puts:  字符串指针.
  68          // 返回: none.
  69          // 版本: VER1.0
  70          // 日期: 2014-11-28
  71          // 备注: 
  72          //========================================================================
  73          void PrintString1(u8 *puts) //发送一个字符串
  74          {
  75   1          for (; *puts != 0;  puts++)     //遇到停止符0结束
  76   1          {
  77   2              SBUF = *puts;
  78   2              B_TX1_Busy = 1;
  79   2              while(B_TX1_Busy);
  80   2          }
  81   1      }
  82          
  83          //========================================================================
  84          // 函数: SetTimer2Baudraye(u16 dat)
  85          // 描述: 设置Timer2做波特率发生器。
  86          // 参数: dat: Timer2的重装值.
  87          // 返回: none.
  88          // 版本: VER1.0
  89          // 日期: 2014-11-28
  90          // 备注: 
  91          //========================================================================
  92          void    SetTimer2Baudraye(u16 dat)  // 选择波特率, 2: 使用Timer2做波特率, 其它值: 使用Time
             -r1做波特率.
  93          {
  94   1          AUXR &= ~(1<<4);    //Timer stop
  95   1          AUXR &= ~(1<<3);    //Timer2 set As Timer
  96   1          AUXR |=  (1<<2);    //Timer2 set as 1T mode
  97   1          T2H = dat / 256;
  98   1          T2L = dat % 256;
  99   1          IE2  &= ~(1<<2);    //禁止中断
 100   1          AUXR |=  (1<<4);    //Timer run enable
 101   1      }
 102          
 103          //========================================================================
 104          // 函数: void   UART1_config(u8 brt)
 105          // 描述: UART1初始化函数。
 106          // 参数: brt: 选择波特率, 2: 使用Timer2做波特率, 其它值: 使用Timer1做波特率.
 107          // 返回: none.
 108          // 版本: VER1.0
 109          // 日期: 2014-11-28
 110          // 备注: 
 111          //========================================================================
 112          void    UART1_config(u8 brt)    // 选择波特率, 2: 使用Timer2做波特率, 其它值: 使用Timer1
             -波特率.
 113          {
C51 COMPILER V9.00   UART                                                                  10/13/2020 20:35:49 PAGE 3   

 114   1          /*********** 波特率使用定时器2 *****************/
 115   1          if(brt == 2)
 116   1          {
 117   2              AUXR |= 0x01;       //S1 BRT Use Timer2;
 118   2              SetTimer2Baudraye(65536UL - (MAIN_Fosc / 4) / Baudrate1);
 119   2          }
 120   1      
 121   1          /*********** 波特率使用定时器1 *****************/
 122   1          else
 123   1          {
 124   2              TR1 = 0;
 125   2              AUXR &= ~0x01;      //S1 BRT Use Timer1;
 126   2              AUXR |=  (1<<6);    //Timer1 set as 1T mode
 127   2              TMOD &= ~(1<<6);    //Timer1 set As Timer
 128   2              TMOD &= ~0x30;      //Timer1_16bitAutoReload;
 129   2              TH1 = (u8)((65536UL - (MAIN_Fosc / 4) / Baudrate1) / 256);
 130   2              TL1 = (u8)((65536UL - (MAIN_Fosc / 4) / Baudrate1) % 256);
 131   2              ET1 = 0;    //禁止中断
 132   2              INTCLKO &= ~0x02;  //不输出时钟
 133   2              TR1  = 1;
 134   2          }
 135   1          /*************************************************/
 136   1      
 137   1          SCON = (SCON & 0x3f) | 0x40;    //UART1模式, 0x00: 同步移位输出, 0x40: 8位数据,可变波特
             -率, 0x80: 9位数据,固定波特率, 0xc0: 9位数据,可变波特率
 138   1      //  PS  = 1;    //高优先级中断
 139   1          ES  = 1;    //允许中断
 140   1          REN = 1;    //允许接收
 141   1          P_SW1 &= 0x3f;
 142   1          P_SW1 |= 0x00;      //UART1 switch to, 0x00: P3.0 P3.1, 0x40: P3.6 P3.7, 0x80: P1.6 P1.7 (必须使用
             -内部时钟)
 143   1      //  PCON2 |=  (1<<4);   //内部短路RXD与TXD, 做中继, ENABLE,DISABLE
 144   1      
 145   1          B_TX1_Busy = 0;
 146   1          TX1_Cnt = 0;
 147   1          RX1_Cnt = 0;
 148   1      }
 149          
 150          
 151          //========================================================================
 152          // 函数: void UART1_int (void) interrupt UART1_VECTOR
 153          // 描述: UART1中断函数。
 154          // 参数: nine.
 155          // 返回: none.
 156          // 版本: VER1.0
 157          // 日期: 2014-11-28
 158          // 备注: 
 159          //========================================================================
 160          void UART1_int (void) interrupt 4
 161          {
 162   1          if(RI)
 163   1          {
 164   2              RI = 0;
 165   2              RX1_Buffer[RX1_Cnt] = SBUF;
 166   2              if(++RX1_Cnt >= UART1_BUF_LENGTH)   RX1_Cnt = 0;    //防溢出
 167   2          }
 168   1      
 169   1          if(TI)
 170   1          {
 171   2              TI = 0;
 172   2              B_TX1_Busy = 0;
 173   2          }
C51 COMPILER V9.00   UART                                                                  10/13/2020 20:35:49 PAGE 4   

 174   1      }
 175          


MODULE INFORMATION:   STATIC OVERLAYABLE
   CODE SIZE        =    160    ----
   CONSTANT SIZE    =   ----    ----
   XDATA SIZE       =   ----    ----
   PDATA SIZE       =   ----    ----
   DATA SIZE        =      2    ----
   IDATA SIZE       =     64    ----
   BIT SIZE         =      1    ----
END OF MODULE INFORMATION.


C51 COMPILATION COMPLETE.  0 WARNING(S),  0 ERROR(S)
