C51 COMPILER V9.00   MAIN                                                                  10/09/2020 18:11:59 PAGE 1   


C51 COMPILER V9.00, COMPILATION OF MODULE MAIN
OBJECT MODULE PLACED IN .\Output\main.obj
COMPILER INVOKED BY: C:\Keil\C51\BIN\C51.EXE APP\main.c LARGE OPTIMIZE(9,SPEED) BROWSE INCDIR(.\uCOS-II\Inc) DEBUG OBJEC
                    -TEXTEND PRINT(.\Listing\main.lst) OBJECT(.\Output\main.obj)

line level    source

   1          /*
   2          *********************************************************************************************************
   3          *                                                uC/OS-II
   4          *                                          The Real-Time Kernel
   5          *
   6          *                          (c) Copyright 1992-2002, Jean J. Labrosse, Weston, FL
   7          *                                           All Rights Reserved
   8          *
   9          *
  10          *                                           uCOS_51 for MCS-51
  11          *
  12          * File : main.c
  13          * Created by : QQ 591881218
  14          *********************************************************************************************************
  15          */
  16          
  17          #include "..\..\ucos-ii\inc\includes.h"
  18          
  19          // ---------------------------------
  20          
  21          #define APPSTARTPRIO    TASK_START_PRIO 
  22          #define UARTRCVPRIO             APPSTARTPRIO + 2
  23          #define UARTSENDPRIO    UARTRCVPRIO + 2
  24          #define POWERLEDPRIO    OS_LOWEST_PRIO - 2
  25          
  26          #define OK                              0
  27          #define ACK                             1
  28          #define ENTER                   0x0D
  29          
  30          // --------------------------------- 
  31          
  32          sbit WorkLedCtrl=P6^0;
  33          
  34          //OS_EVENT *UartMbox;
  35          //OS_EVENT *AckMbox;
  36          
  37          OS_STK AppStartStk[TASK_STK_SIZE];
  38          OS_STK PowerLedStk[TASK_STK_SIZE];
  39          OS_STK UartRcvStk[TASK_STK_SIZE];
  40          OS_STK UartSendStk[TASK_STK_SIZE];
  41          
  42          // ---------------------------------
  43          
  44          void AppStart(void *p_arg) large reentrant;
  45          void PowerLed(void *p_arg) large reentrant; 
  46          void UartRcv(void *p_arg) large reentrant;
  47          void UartSend(void *p_arg)      large reentrant;
  48          
  49          // ---------------------------------
  50          
  51          int main(void)
  52          {
  53   1              InitSystem();
  54   1      
C51 COMPILER V9.00   MAIN                                                                  10/09/2020 18:11:59 PAGE 2   

  55   1              //OSTaskCreate(AppStart, (void *)0, AppStartStk, APPSTARTPRIO);
  56   1      
  57   1              OSStart();
  58   1      
  59   1              return OK;
  60   1      }
  61          
  62          /*
  63          ********************************************************************************************************* 
  64          *                                             ç³»ç»Ÿå¼€å§‹ä»»åŠ¡
  65          *
  66          * æè¿°       : å¼€å®šæ—¶å™¨T0ä¸­æ–­ï¼Œåˆ›å»ºæ¶ˆæ¯é‚®ç®±ä»¥åŠæ‰€æœ‰å…¶ä»–çš„ä»»åŠ¡ï¼Œç„¶åè‡ªæˆ‘åˆ é™¤
             -ã€‚
  67          *
  68          * å‚æ•°       : p_arg
  69          *
  70          * æ³¨æ„       : ç³»ç»Ÿå¯åŠ¨åç¬¬ä¸€æ—¶é—´å¼€å®šæ—¶å™¨ä¸­æ–­ï¼Œå¦åˆ™ç³»ç»Ÿå…¶å®ƒä»»åŠ¡æ— æ³•å¾—åˆ°æ‰§è¡
             -Œã€‚                                                
  71          *********************************************************************************************************
  72          */
  73          void AppStart(void *p_arg) large reentrant
  74          {
  75   1              p_arg=p_arg;
  76   1              ET0=1; /* è°¨è®°ï¼šç³»ç»Ÿå¯åŠ¨åç¬¬ä¸€æ—¶é—´å¼€å®šæ—¶å™¨ä¸­æ–­ */
  77   1      
  78   1              //UartMbox=OSMboxCreate((void *)0);
  79   1              //AckMbox=OSMboxCreate((void *)0);
  80   1      
  81   1              LogoDisp();
  82   1              PrintStr("You can input by the terminal!\n\n\n");
  83   1              
  84   1              //OSTaskCreate(PowerLed, (void *)0, PowerLedStk, POWERLEDPRIO);
  85   1              //OSTaskCreate(UartRcv, (void *)0, UartRcvStk, UARTRCVPRIO);
  86   1              //OSTaskCreate(UartSend, (void *)0, UartSendStk, UARTSENDPRIO);
  87   1      
  88   1              //OSTaskDel(OS_PRIO_SELF);      
  89   1      }
  90          
  91          /*
  92          ********************************************************************************************************* 
  93          *                                             å·¥ä½œçŠ¶æ€æŒ‡ç¤ºä»»åŠ¡
  94          *
  95          * æè¿°       : CPUæ­£å¸¸å·¥ä½œæ—¶ï¼Œæ¯ç§’é’Ÿé—ªçƒ5æ¬¡ï¼Œä¸å·¥ä½œæ—¶ä¸é—ªçƒï¼Œæ§åˆ¶ç«¯å£P3.4ã€‚
  96          *
  97          * å‚æ•°       : p_arg
  98          *
  99          * æ³¨æ„       : ä¸€ä¸ªæ—¶é’ŸèŠ‚æ‹ä¸º0.02sï¼Œå»ºè®®ä¼˜å…ˆçº§è®¾ä¸ºæœ€ä½ï¼Œé«˜äºç³»ç»Ÿç©ºé—²ä»»åŠ¡å’Œç³»
             -ç»Ÿç»Ÿè®¡ä»»åŠ¡ã€‚å¼ºçƒˆå¼•èµ·æ‚¨çš„é‡è§†ï¼š
 100          *                          ..\ucos_51\ucos-ii\src\ucos_ii.h     
 101          *                                       OS_EXT  DF_IDATA  volatile  INT32U  OSIdleCtr; 
 102          *                          "OSIdleCtr" å˜é‡åŠ¡å¿…è®¾ç½®ä¸º "idata" å­˜å‚¨ç±»å‹ï¼Œå¦åˆ™ä»»åŠ¡è¿è¡ŒèŠ‚æ‹å˜æ…¢ã€‚                  
             -                      
 103          *********************************************************************************************************
 104          */
 105          void PowerLed(void *p_arg) large reentrant
 106          {
 107   1      #if OS_CRITICAL_METHOD == 3                                /* Allocate storage for CPU status register */
                  OS_CPU_SR  cpu_sr;
              #endif
 110   1      
 111   1              p_arg=p_arg;
 112   1              
C51 COMPILER V9.00   MAIN                                                                  10/09/2020 18:11:59 PAGE 3   

 113   1              for(;;)
 114   1              {
 115   2                      OS_ENTER_CRITICAL();
 116   2                      WorkLedCtrl=!WorkLedCtrl; /* ä¿æŠ¤ä¸´ç•Œèµ„æº */
 117   2                      OS_EXIT_CRITICAL();
 118   2      
 119   2                      OSTimeDlyHMSM(0,0,0,200);
 120   2              }
 121   1      }
 122          
 123          
 124          
 125          /*
 126          ********************************************************************************************************* 
 127          *                                             ä¸²å£æ”¶å‘ä»»åŠ¡
 128          *
 129          * æè¿°       : UartRcvä»»åŠ¡è´Ÿè´£ä»é”®ç›˜æ¥æ”¶ï¼Œé€šè¿‡æ¶ˆæ¯é‚®ç®±å‘é€ç»™UartSendä»»åŠ¡å¤„ç†å¹¶åœ
             -¨ç»ˆç«¯æ‰“å°ã€‚
 130          *
 131          * å‚æ•°       : p_arg
 132          *
 133          * æ³¨æ„       : å¤šä»»åŠ¡çš„å¹¶å‘æ‰§è¡Œï¼Œé¡»å¦¥å–„å¤„ç†å¯¹ä¸´ç•Œèµ„æºçš„è®¿é—®ä»¥åŠå¤šä»»åŠ¡ä¹‹é—´çš
             -„é€šä¿¡ã€‚                                        
 134          *********************************************************************************************************
 135          */
 136          // ------------------------------------------------------------------------------------------------------
 137          #if 0
              void UartRcv(void *p_arg) large reentrant
              {
                      INT8U Rxbuf;
                      INT8U err;
              
                      p_arg=p_arg;
                              
                      for(;;)
                      {
                              if(Getch(&Rxbuf)) 
                              {
                                      OSMboxPost(UartMbox, (void *)&Rxbuf);
                                      OSMboxPend(AckMbox, 0, &err);
                              }       
                              
                              OSTimeDlyHMSM(0,0,0,100);
                      }       
              }
              
              void UartSend(void *p_arg) large reentrant
              {
                      INT8U *Txbuf;
                      INT8U err;
                      INT16U count=0; 
              
                      p_arg=p_arg;
              
                      for(;;)
                      {
                              Txbuf=(INT8U *)OSMboxPend(UartMbox,0,&err);
              
                              if(OS_ERR_NONE==err)
                              {       
                                      PrintChar(*Txbuf);
              
C51 COMPILER V9.00   MAIN                                                                  10/09/2020 18:11:59 PAGE 4   

                                      count++;
                                      
                                      if((ENTER == *Txbuf) || (0xFFFF == count)) count=1; 
                              
                                      if(!(count%69))
                                      { 
                                              PrintStr("\n");
                                      }       
                              }
                              else 
                              {
                                      PrintStr("\n\nMboxRcv err!\n\n\n");
                              }
              
                              OSMboxPost(AckMbox,(void *)ACK);
                      }
              }
              // ------------------------------------------------------------------------------------------------------
              #endif
 192          


MODULE INFORMATION:   STATIC OVERLAYABLE
   CODE SIZE        =    107    ----
   CONSTANT SIZE    =     34    ----
   XDATA SIZE       =     32    ----
   PDATA SIZE       =   ----    ----
   DATA SIZE        =   ----    ----
   IDATA SIZE       =   ----    ----
   BIT SIZE         =   ----    ----
END OF MODULE INFORMATION.


C51 COMPILATION COMPLETE.  0 WARNING(S),  0 ERROR(S)
