C51 COMPILER V9.60.0.0   SYSTEM                                                            01/22/2020 20:57:57 PAGE 1   


C51 COMPILER V9.60.0.0, COMPILATION OF MODULE SYSTEM
OBJECT MODULE PLACED IN .\Output\system.obj
COMPILER INVOKED BY: C:\Keil_v5\C51\BIN\C51.EXE BSP\system.c LARGE OPTIMIZE(8,SPEED) BROWSE INCDIR(.\uCOS-II\Inc) DEBUG 
                    -OBJECTEXTEND PRINT(.\Listing\system.lst) OBJECT(.\Output\system.obj)

line level    source

   1          /*
   2          *********************************************************************************************************
   3          *                                                uC/OS-II
   4          *                                          The Real-Time Kernel
   5          *
   6          *                          (c) Copyright 1992-2002, Jean J. Labrosse, Weston, FL
   7          *                                           All Rights Reserved
   8          *
   9          *
  10          *                                           uCOS_51 for MCS-51
  11          *
  12          * File : system.c
  13          * Created by : QQ 591881218
  14          *********************************************************************************************************
  15          */
  16          
  17          #ifndef  OS_MASTER_FILE
  18          #include "..\..\ucos-ii\inc\includes.h"
  19          #endif
  20          
  21          void InitSystem(void) large reentrant // 系统初始化
  22          {
  23   1              OSInit();
  24   1              InitTimer0();   
  25   1              InitSerial();
  26   1              InitSerialBuffer();
  27   1      }
  28          
  29          void LogoDisp(void) large reentrant // Logo display
  30          {
  31   1              PrintStr("\n\t\t\t\t\t********************************\n");
  32   1              PrintStr("\t\t\t\t\t*           uC/OS-II           *\n");
  33   1              PrintStr("\t\t\t\t\t*     The Real-Time Kernel     *\n");
  34   1              PrintStr("\t\t\t\t\t*      uCOS_51 for MCS-51      *\n");
  35   1          PrintStr("\t\t\t\t\t********************************\n\n\n");       
  36   1      }


MODULE INFORMATION:   STATIC OVERLAYABLE
   CODE SIZE        =     57    ----
   CONSTANT SIZE    =    198    ----
   XDATA SIZE       =   ----    ----
   PDATA SIZE       =   ----    ----
   DATA SIZE        =   ----    ----
   IDATA SIZE       =   ----    ----
   BIT SIZE         =   ----    ----
END OF MODULE INFORMATION.


C51 COMPILATION COMPLETE.  0 WARNING(S),  0 ERROR(S)
