C51 COMPILER V9.60.0.0   UCOS_II                                                           01/02/2020 10:20:55 PAGE 1   


C51 COMPILER V9.60.0.0, COMPILATION OF MODULE UCOS_II
OBJECT MODULE PLACED IN .\Output\uCOS_II.obj
COMPILER INVOKED BY: C:\Keil_v5\C51\BIN\C51.EXE uCOS-II\Src\uCOS_II.C LARGE OPTIMIZE(8,SPEED) BROWSE INCDIR(.\uCOS-II\In
                    -c) DEBUG OBJECTEXTEND PRINT(.\Listing\uCOS_II.lst) OBJECT(.\Output\uCOS_II.obj)

line level    source

   1          /*
   2          *********************************************************************************************************
   3          *                                                uC/OS-II
   4          *                                          The Real-Time Kernel
   5          *
   6          *                          (c) Copyright 1992-2002, Jean J. Labrosse, Weston, FL
   7          *                                           All Rights Reserved
   8          *
   9          *
  10          *                                           uCOS_51 for MCS-51
  11          *
  12          * File : uCOS_II.C
  13          * By   : Jean J. Labrosse
  14          * Last modified by : QQ 591881218
  15          *********************************************************************************************************
  16          */
  17          
  18          //#define  OS_GLOBALS                           /* Declare GLOBAL variables                              *
             -/
  19          //#include "..\ucos_51\ucos-ii\inc\includes.h"
  20          
  21          
  22          //#define  OS_MASTER_FILE                       /* Prevent the following files from including includes.h *
             -/
  23          
  24          /*
  25          #include "..\ucos_51\ucos-ii\src\os_core.c"
  26          #include "..\ucos_51\ucos-ii\src\os_flag.c"
  27          #include "..\ucos_51\ucos-ii\src\os_mbox.c"
  28          #include "..\ucos_51\ucos-ii\src\os_mem.c"
  29          #include "..\ucos_51\ucos-ii\src\os_mutex.c"
  30          #include "..\ucos_51\ucos-ii\src\os_q.c"
  31          #include "..\ucos_51\ucos-ii\src\os_sem.c"
  32          #include "..\ucos_51\ucos-ii\src\os_task.c"
  33          #include "..\ucos_51\ucos-ii\src\os_time.c"
  34          
  35          */


MODULE INFORMATION:   STATIC OVERLAYABLE
   CODE SIZE        =   ----    ----
   CONSTANT SIZE    =   ----    ----
   XDATA SIZE       =   ----    ----
   PDATA SIZE       =   ----    ----
   DATA SIZE        =   ----    ----
   IDATA SIZE       =   ----    ----
   BIT SIZE         =   ----    ----
END OF MODULE INFORMATION.


C51 COMPILATION COMPLETE.  0 WARNING(S),  0 ERROR(S)
