C51 COMPILER V9.59.0.0   D_LED                                                             08/11/2020 09:49:26 PAGE 1   


C51 COMPILER V9.59.0.0, COMPILATION OF MODULE D_LED
OBJECT MODULE PLACED IN D-LED.OBJ
COMPILER INVOKED BY: C:\Keil_v5\C51\BIN\C51.EXE D-LED.c OPTIMIZE(8,SPEED) BROWSE DEBUG OBJECTEXTEND TABS(2)

line level    source

   1          /*---------------------------------------------------------------------*/
   2          /* --- STC MCU Limited ------------------------------------------------*/
   3          /* --- STC 1T Series MCU Demo Programme -------------------------------*/
   4          /* --- Mobile: (86)13922805190 ----------------------------------------*/
   5          /* --- Fax: 86-0513-55012956,55012947,55012969 ------------------------*/
   6          /* --- Tel: 86-0513-55012928,55012929,55012966 ------------------------*/
   7          /* --- Web: www.STCMCU.com --------------------------------------------*/
   8          /* --- Web: www.STCMCUDATA.com  ---------------------------------------*/
   9          /* --- QQ:  800003751 -------------------------------------------------*/
  10          /* 如果要在程序中使用此代码,请在程序中注明使用了STC的资料及程序            */
  11          /*---------------------------------------------------------------------*/
  12          
  13          
  14          /*************  本程序功能说明  **************
  15          
  16          用STC的MCU的IO方式驱动8位数码管。
  17          
  18          显示效果为: 数码时钟.
  19          
  20          下载时, 选择时钟 24MHZ (用户可自行修改频率).
  21          
  22          使用Timer0的16位自动重装来产生1ms节拍,程序运行于这个节拍下, 用户修改MCU主时钟频率时,自动定时于1ms.
  23          
  24          ******************************************/
  25          #include "reg51.h"
  26          
  27          #define     MAIN_Fosc       24000000L   //定义主时钟
  28          
  29          
  30          typedef     unsigned char   u8;
  31          typedef     unsigned int    u16;
  32          typedef     unsigned long   u32;
  33          
  34          sfr AUXR = 0x8E;
  35          
  36          sfr P4   = 0xC0;
  37          sfr P5   = 0xC8;
  38          sfr P6   = 0xE8;
  39          sfr P7   = 0xF8;
  40          sfr P1M1 = 0x91;    //PxM1.n,PxM0.n     =00--->Standard,    01--->push-pull
  41          sfr P1M0 = 0x92;    //                  =10--->pure input,  11--->open drain
  42          sfr P0M1 = 0x93;
  43          sfr P0M0 = 0x94;
  44          sfr P2M1 = 0x95;
  45          sfr P2M0 = 0x96;
  46          sfr P3M1 = 0xB1;
  47          sfr P3M0 = 0xB2;
  48          sfr P4M1 = 0xB3;
  49          sfr P4M0 = 0xB4;
  50          sfr P5M1 = 0xC9;
  51          sfr P5M0 = 0xCA;
  52          sfr P6M1 = 0xCB;
  53          sfr P6M0 = 0xCC;
  54          sfr P7M1 = 0xE1;
  55          sfr P7M0 = 0xE2;
C51 COMPILER V9.59.0.0   D_LED                                                             08/11/2020 09:49:26 PAGE 2   

  56          
  57          sbit P00 = P0^0;
  58          sbit P01 = P0^1;
  59          sbit P02 = P0^2;
  60          sbit P03 = P0^3;
  61          sbit P04 = P0^4;
  62          sbit P05 = P0^5;
  63          sbit P06 = P0^6;
  64          sbit P07 = P0^7;
  65          sbit P10 = P1^0;
  66          sbit P11 = P1^1;
  67          sbit P12 = P1^2;
  68          sbit P13 = P1^3;
  69          sbit P14 = P1^4;
  70          sbit P15 = P1^5;
  71          sbit P16 = P1^6;
  72          sbit P17 = P1^7;
  73          sbit P20 = P2^0;
  74          sbit P21 = P2^1;
  75          sbit P22 = P2^2;
  76          sbit P23 = P2^3;
  77          sbit P24 = P2^4;
  78          sbit P25 = P2^5;
  79          sbit P26 = P2^6;
  80          sbit P27 = P2^7;
  81          sbit P30 = P3^0;
  82          sbit P31 = P3^1;
  83          sbit P32 = P3^2;
  84          sbit P33 = P3^3;
  85          sbit P34 = P3^4;
  86          sbit P35 = P3^5;
  87          sbit P36 = P3^6;
  88          sbit P37 = P3^7;
  89          sbit P40 = P4^0;
  90          sbit P41 = P4^1;
  91          sbit P42 = P4^2;
  92          sbit P43 = P4^3;
  93          sbit P44 = P4^4;
  94          sbit P45 = P4^5;
  95          sbit P46 = P4^6;
  96          sbit P47 = P4^7;
  97          sbit P50 = P5^0;
  98          sbit P51 = P5^1;
  99          sbit P52 = P5^2;
 100          sbit P53 = P5^3;
 101          sbit P54 = P5^4;
 102          sbit P55 = P5^5;
 103          sbit P56 = P5^6;
 104          sbit P57 = P5^7;
 105          
 106          /****************************** 用户定义宏 ***********************************/
 107          
 108          #define Timer0_Reload   (65536UL -(MAIN_Fosc / 1000))       //Timer 0 中断频率, 1000次/秒
 109          
 110          /*****************************************************************************/
 111          
 112          
 113          #define DIS_DOT     0x20
 114          #define DIS_BLACK   0x10
 115          #define DIS_        0x11
 116          
 117          
C51 COMPILER V9.59.0.0   D_LED                                                             08/11/2020 09:49:26 PAGE 3   

 118          
 119          
 120          /*************  本地常量声明    **************/
 121          u8 code t_display[]={                       //标准字库
 122          //   0    1    2    3    4    5    6    7    8    9    A    B    C    D    E    F
 123              0x3F,0x06,0x5B,0x4F,0x66,0x6D,0x7D,0x07,0x7F,0x6F,0x77,0x7C,0x39,0x5E,0x79,0x71,
 124          //black  -     H    J    K    L    N    o   P    U     t    G    Q    r   M    y
 125              0x00,0x40,0x76,0x1E,0x70,0x38,0x37,0x5C,0x73,0x3E,0x78,0x3d,0x67,0x50,0x37,0x6e,
 126              0xBF,0x86,0xDB,0xCF,0xE6,0xED,0xFD,0x87,0xFF,0xEF,0x46};    //0. 1. 2. 3. 4. 5. 6. 7. 8. 9. -1
 127          
 128          u8 code T_COM[]={0x01,0x02,0x04,0x08,0x10,0x20,0x40,0x80};      //位码
 129          
 130          /*************  IO口定义    **************/
 131          
 132          /*************  本地变量声明    **************/
 133          
 134          u8  LED8[8];        //显示缓冲
 135          u8  display_index;  //显示位索引
 136          bit B_1ms;          //1ms标志
 137          
 138          u8  hour,minute,second;
 139          u16 msecond;
 140          
 141          /*************  本地函数声明    **************/
 142          
 143          
 144          /****************  外部函数声明和外部变量声明 *****************/
 145          
 146          
 147          /********************** 显示时钟函数 ************************/
 148          void    DisplayRTC(void)
 149          {
 150   1          if(hour >= 10)  LED8[0] = hour / 10;
 151   1          else            LED8[0] = DIS_BLACK;
 152   1          LED8[1] = hour % 10;
 153   1          LED8[2] = DIS_;
 154   1          LED8[3] = minute / 10;
 155   1          LED8[4] = minute % 10;
 156   1          LED8[5] = DIS_;
 157   1          LED8[6] = second / 10;
 158   1          LED8[7] = second % 10;
 159   1      }
 160          
 161          /********************** RTC演示函数 ************************/
 162          void    RTC(void)
 163          {
 164   1          if(++second >= 60)
 165   1          {
 166   2              second = 0;
 167   2              if(++minute >= 60)
 168   2              {
 169   3                  minute = 0;
 170   3                  if(++hour >= 24)    hour = 0;
 171   3              }
 172   2          }
 173   1      }
 174          
 175          
 176          /********************** 主函数 ************************/
 177          void main(void)
 178          {
 179   1          u8  i,k;
C51 COMPILER V9.59.0.0   D_LED                                                             08/11/2020 09:49:26 PAGE 4   

 180   1          
 181   1          P0M1 = 0;   P0M0 = 0;   //设置为准双向口
 182   1          P1M1 = 0;   P1M0 = 0;   //设置为准双向口
 183   1          P2M1 = 0;   P2M0 = 0;   //设置为准双向口
 184   1          P3M1 = 0;   P3M0 = 0;   //设置为准双向口
 185   1          P4M1 = 0;   P4M0 = 0;   //设置为准双向口
 186   1          P5M1 = 0;   P5M0 = 0;   //设置为准双向口
 187   1          P6M1 = 0;   P6M0 = 0;   //设置为准双向口
 188   1          P7M1 = 0;   P7M0 = 0;   //设置为准双向口
 189   1      
 190   1          AUXR = 0x80;    //Timer0 set as 1T, 16 bits timer auto-reload, 
 191   1          TH0 = (u8)(Timer0_Reload / 256);
 192   1          TL0 = (u8)(Timer0_Reload % 256);
 193   1          ET0 = 1;    //Timer0 interrupt enable
 194   1          TR0 = 1;    //Tiner0 run
 195   1          EA = 1;     //打开总中断
 196   1          
 197   1          display_index = 0;
 198   1          hour   = 11;    //初始化时间值
 199   1          minute = 59;
 200   1          second = 58;
 201   1          RTC();
 202   1          DisplayRTC();
 203   1          
 204   1      //  for(i=0; i<8; i++)  LED8[i] = DIS_BLACK;    //上电消隐
 205   1          for(i=0; i<8; i++)  LED8[i] = i;    //显示01234567
 206   1          k = 0;
 207   1      
 208   1          while(1)
 209   1          {
 210   2              if(B_1ms)   //1ms到
 211   2              {
 212   3                  B_1ms = 0;
 213   3                  if(++msecond >= 1000)   //1秒到
 214   3                  {
 215   4                      msecond = 0;
 216   4                      RTC();
 217   4                      DisplayRTC();
 218   4                  }
 219   3              }
 220   2          }
 221   1      } 
 222          /**********************************************/
 223          
 224          /********************** 显示扫描函数 ************************/
 225          void DisplayScan(void)
 226          {   
 227   1        P7 = ~T_COM[7-display_index];
 228   1        P6 = ~t_display[LED8[display_index]];
 229   1          if(++display_index >= 8)    display_index = 0;  //8位结束回0
 230   1      }
 231          
 232          /********************** Timer0 1ms中断函数 ************************/
 233          void timer0 (void) interrupt 1
 234          {
 235   1          DisplayScan();  //1ms扫描显示一位
 236   1          B_1ms = 1;      //1ms标志
 237   1      
 238   1      }
 239          


C51 COMPILER V9.59.0.0   D_LED                                                             08/11/2020 09:49:26 PAGE 5   

MODULE INFORMATION:   STATIC OVERLAYABLE
   CODE SIZE        =    337    ----
   CONSTANT SIZE    =     51    ----
   XDATA SIZE       =   ----    ----
   PDATA SIZE       =   ----    ----
   DATA SIZE        =     14       1
   IDATA SIZE       =   ----    ----
   BIT SIZE         =      1    ----
END OF MODULE INFORMATION.


C51 COMPILATION COMPLETE.  0 WARNING(S),  0 ERROR(S)
