C51 COMPILER V9.59.0.0   MAIN                                                              07/09/2020 18:17:23 PAGE 1   


C51 COMPILER V9.59.0.0, COMPILATION OF MODULE MAIN
OBJECT MODULE PLACED IN ..\obj\main.obj
COMPILER INVOKED BY: C:\Keil_v5\C51\BIN\C51.EXE ..\USER\main.c LARGE OPTIMIZE(8,SPEED) BROWSE INCDIR(..\font;..\GUI;..\L
                    -CD;..\sys;..\touch;..\USER) DEBUG OBJECTEXTEND PRINT(.\main.lst) TABS(2) OBJECT(..\obj\main.obj)

line level    source

   1          /*---------------------------------------------------------------------*/
   2          /* --- STC MCU Limited ------------------------------------------------*/
   3          /* --- STC 1T Series MCU Demo Programme -------------------------------*/
   4          /* --- Mobile: (86)13922805190 ----------------------------------------*/
   5          /* --- Fax: 86-0513-55012956,55012947,55012969 ------------------------*/
   6          /* --- Tel: 86-0513-55012928,55012929,55012966 ------------------------*/
   7          /* --- Web: www.STCMCU.com --------------------------------------------*/
   8          /* --- Web: www.STCMCUDATA.com  ---------------------------------------*/
   9          /* --- QQ:  800003751 -------------------------------------------------*/
  10          /* 液晶屏驱动程序参考wiki技术网站提供的开源源码，仅供学习使用          */
  11          /* 如果要在程序中使用此代码,请在程序中注明使用了STC的资料及程序        */
  12          /*---------------------------------------------------------------------*/
  13          
  14          //=========================================电源接线================================================//
  15          //VDD接DC 3.3V电源
  16          //GND接地
  17          //=======================================液晶屏数据线接线==========================================//
  18          //本模块数据总线类型为8位并口
  19          //液晶屏模块             STC8H8K64U
  20          // LCD_D0~D7     接       P00~P07        //液晶屏8位数据线
  21          //=======================================液晶屏控制线接线==========================================//
  22          //液晶屏模块             STC8H8K64U
  23          // LCD_RS        接        P45           //数据/命令选择控制信号
  24          // LCD_RD        接        P44           //读控制信号
  25          // LCD_RST       接        P43           //复位信号
  26          // LCD_WR        接        P42           //写控制信号
  27          // LCD_CS        接        P34           //片选控制信号
  28          //**************************************************************************************************/ 
  29          #include "sys.h"
  30          #include "lcd.h"
  31          #include "gui.h"
  32          #include "test.h"
  33          
  34          //主函数
  35          void main(void)
  36          { 
  37   1        //液晶屏初始化
  38   1        LCD_Init();
  39   1      
  40   1        //循环进行各项测试  
  41   1        while(1)
  42   1        { 
  43   2          main_test();    //测试主界面
  44   2          Test_Read();     //读ID和颜色值测试
  45   2          Test_Color();     //简单刷屏填充测试
  46   2          Test_FillRec();   //GUI矩形绘图测试
  47   2          Test_Circle();    //GUI画圆测试
  48   2          Test_Triangle();   //GUI三角形填充测试
  49   2          English_Font_test();//英文字体示例测试
  50   2          Chinese_Font_test();//中文字体示例测试
  51   2          Pic_test();     //图片显示示例测试
  52   2          Rotate_Test();  //屏幕旋转测试
  53   2        }   
  54   1      }
C51 COMPILER V9.59.0.0   MAIN                                                              07/09/2020 18:17:23 PAGE 2   



MODULE INFORMATION:   STATIC OVERLAYABLE
   CODE SIZE        =     35    ----
   CONSTANT SIZE    =   ----    ----
   XDATA SIZE       =   ----    ----
   PDATA SIZE       =   ----    ----
   DATA SIZE        =   ----    ----
   IDATA SIZE       =   ----    ----
   BIT SIZE         =   ----    ----
END OF MODULE INFORMATION.


C51 COMPILATION COMPLETE.  0 WARNING(S),  0 ERROR(S)
